---------------SISTEMA OPERACIONAL BOMBAS DE PRESSÃO - AVL---------------

Medições da Bomba adicionada:
	Identificador da Bomba: 00055
	ID da Classe: 1
	Temperatura: 66.016734293116315
	Vibração: 1.580080559335896
	Pressão: 157.927648442252460
	Taxa de Fluxo da Bomba: 14.863802270553252
	RPM: 1600.873402184515300
	Operação da Bomba em horas 4073.096790415902900
	Manutenção Recente: 1

	Número de Comparações para Inserção: 1


Medições da Bomba adicionada:
	Identificador da Bomba: 00051
	ID da Classe: 1
	Temperatura: 106.091059938536760
	Vibração: 0.908987012041549
	Pressão: 198.732471450873480
	Taxa de Fluxo da Bomba: 2.010855798680804
	RPM: 1933.719421695812300
	Operação da Bomba em horas 3830.090305291518700
	Manutenção Recente: 0

	Número de Comparações para Inserção: 2


Medições da Bomba adicionada:
	Identificador da Bomba: 00210
	ID da Classe: 2
	Temperatura: 73.034502976556752
	Vibração: 0.758895771287366
	Pressão: 103.144727503474970
	Taxa de Fluxo da Bomba: 19.601897666100317
	RPM: 1415.363231901055500
	Operação da Bomba em horas 1052.153115107831100
	Manutenção Recente: 0

	Número de Comparações para Inserção: 2


Medições da Bomba adicionada:
	Identificador da Bomba: 00055
	ID da Classe: 1
	Temperatura: 109.630413876330920
	Vibração: 0.351096828296024
	Pressão: 100.916641528695150
	Taxa de Fluxo da Bomba: 0.775531848931752
	RPM: 2660.817927332143400
	Operação da Bomba em horas 1955.735568057474400
	Manutenção Recente: 1

	Número de Comparações para Inserção: 1


Medições da Bomba adicionada:
	Identificador da Bomba: 00202
	ID da Classe: 2
	Temperatura: 58.607279306729069
	Vibração: 4.816985927065414
	Pressão: 146.774940388481380
	Taxa de Fluxo da Bomba: 15.437115690320075
	RPM: 1466.736842335812500
	Operação da Bomba em horas 9852.839817483463800
	Manutenção Recente: 1

	Número de Comparações para Inserção: 3


Medições da Bomba adicionada:
	Identificador da Bomba: 00353
	ID da Classe: 3
	Temperatura: 79.840758469775722
	Vibração: 3.620434357023429
	Pressão: 241.569398217840440
	Taxa de Fluxo da Bomba: 19.059151385856477
	RPM: 1366.871477441724000
	Operação da Bomba em horas 4801.365979005075100
	Manutenção Recente: 1

	Número de Comparações para Inserção: 3


Medições da Bomba adicionada:
	Identificador da Bomba: 00654
	ID da Classe: 5
	Temperatura: 69.879146089353540
	Vibração: 0.542682517779040
	Pressão: 183.365778684103190
	Taxa de Fluxo da Bomba: 2.412219217266161
	RPM: 1715.193148799144600
	Operação da Bomba em horas 2531.339803586073700
	Manutenção Recente: 1

	Número de Comparações para Inserção: 4


Medições da Bomba adicionada:
	Identificador da Bomba: 00508
	ID da Classe: 4
	Temperatura: 84.509440794185352
	Vibração: 2.731865890488203
	Pressão: 262.120983661999050
	Taxa de Fluxo da Bomba: 15.765161231643162
	RPM: 1710.839800586307800
	Operação da Bomba em horas 5958.340926945140400
	Manutenção Recente: 0

	Número de Comparações para Inserção: 4


Medições da Bomba adicionada:
	Identificador da Bomba: 00207
	ID da Classe: 2
	Temperatura: 143.578510932330690
	Vibração: 0.330508112685327
	Pressão: 234.374538380423250
	Taxa de Fluxo da Bomba: 0.747837493371560
	RPM: 2658.966158187872200
	Operação da Bomba em horas 7854.173775446770400
	Manutenção Recente: 1

	Número de Comparações para Inserção: 4


Medições da Bomba adicionada:
	Identificador da Bomba: 00205
	ID da Classe: 2
	Temperatura: 112.165851727046540
	Vibração: 4.528611023412288
	Pressão: 135.924166382851070
	Taxa de Fluxo da Bomba: 17.086301958985715
	RPM: 1106.499395954370400
	Operação da Bomba em horas 5486.832343027996100
	Manutenção Recente: 0

	Número de Comparações para Inserção: 5


Medições da Bomba adicionada:
	Identificador da Bomba: 00059
	ID da Classe: 1
	Temperatura: 125.772281104162600
	Vibração: 0.608159967655558
	Pressão: 153.921739020192660
	Taxa de Fluxo da Bomba: 5.656141560551976
	RPM: 2050.787150426587700
	Operação da Bomba em horas 6855.259946997525700
	Manutenção Recente: 1

	Número de Comparações para Inserção: 5


Medições da Bomba adicionada:
	Identificador da Bomba: 00509
	ID da Classe: 4
	Temperatura: 144.024745314820340
	Vibração: 3.850164957287165
	Pressão: 263.640614267065080
	Taxa de Fluxo da Bomba: 19.170695541081482
	RPM: 1256.739806580686000
	Operação da Bomba em horas 2049.878683254227300
	Manutenção Recente: 1

	Número de Comparações para Inserção: 4


Medições da Bomba adicionada:
	Identificador da Bomba: 00507
	ID da Classe: 4
	Temperatura: 135.222632333213540
	Vibração: 4.388543948939240
	Pressão: 221.127873808670270
	Taxa de Fluxo da Bomba: 1.510892425517073
	RPM: 1367.853373497263000
	Operação da Bomba em horas 7776.965447412773800
	Manutenção Recente: 0

	Número de Comparações para Inserção: 4


Medições da Bomba adicionada:
	Identificador da Bomba: 00060
	ID da Classe: 1
	Temperatura: 137.146040437798260
	Vibração: 3.281968682942773
	Pressão: 165.832302553270840
	Taxa de Fluxo da Bomba: 3.061851195634826
	RPM: 1952.659224225027900
	Operação da Bomba em horas 6292.862696363744400
	Manutenção Recente: 1

	Número de Comparações para Inserção: 5


Medições da Bomba adicionada:
	Identificador da Bomba: 00051
	ID da Classe: 1
	Temperatura: 74.413256214914298
	Vibração: 4.795259457000240
	Pressão: 114.689588028093790
	Taxa de Fluxo da Bomba: 2.626229910805554
	RPM: 2460.333493483773100
	Operação da Bomba em horas 7732.160720883821300
	Manutenção Recente: 0

	Número de Comparações para Inserção: 4


Medições da Bomba adicionada:
	Identificador da Bomba: 00055
	ID da Classe: 1
	Temperatura: 145.277840929865870
	Vibração: 0.513051956984671
	Pressão: 275.901905820389400
	Taxa de Fluxo da Bomba: 17.667382997740742
	RPM: 2467.710322843067800
	Operação da Bomba em horas 3343.059918123221000
	Manutenção Recente: 1

	Número de Comparações para Inserção: 3


Medições da Bomba adicionada:
	Identificador da Bomba: 00356
	ID da Classe: 3
	Temperatura: 139.080102865446610
	Vibração: 4.482681530657123
	Pressão: 113.996139024634390
	Taxa de Fluxo da Bomba: 2.740706021104496
	RPM: 2877.131922244911000
	Operação da Bomba em horas 2035.401569362306400
	Manutenção Recente: 1

	Número de Comparações para Inserção: 5


Medições da Bomba adicionada:
	Identificador da Bomba: 00509
	ID da Classe: 4
	Temperatura: 110.967042531099200
	Vibração: 1.087230873355199
	Pressão: 224.208207370029130
	Taxa de Fluxo da Bomba: 18.769888684282414
	RPM: 1929.039856276048800
	Operação da Bomba em horas 3968.199916906047700
	Manutenção Recente: 1

	Número de Comparações para Inserção: 4


Medições da Bomba adicionada:
	Identificador da Bomba: 00204
	ID da Classe: 2
	Temperatura: 112.734071915068300
	Vibração: 2.920468704372243
	Pressão: 101.878118755339360
	Taxa de Fluxo da Bomba: 19.519428865999128
	RPM: 1792.544832163224800
	Operação da Bomba em horas 4088.373120374994000
	Manutenção Recente: 1

	Número de Comparações para Inserção: 4


Medições da Bomba adicionada:
	Identificador da Bomba: 00508
	ID da Classe: 4
	Temperatura: 90.497753751511283
	Vibração: 4.352604654911404
	Pressão: 111.646731501302380
	Taxa de Fluxo da Bomba: 10.124240323142413
	RPM: 1675.284038020898800
	Operação da Bomba em horas 5037.231757492749200
	Manutenção Recente: 1

	Número de Comparações para Inserção: 2


Medições da Bomba adicionada:
	Identificador da Bomba: 00355
	ID da Classe: 3
	Temperatura: 94.730157236804402
	Vibração: 4.300876609532433
	Pressão: 267.869645187827930
	Taxa de Fluxo da Bomba: 4.122082565073050
	RPM: 1651.549445535374200
	Operação da Bomba em horas 6869.166339976310200
	Manutenção Recente: 1

	Número de Comparações para Inserção: 5


Medições da Bomba adicionada:
	Identificador da Bomba: 00206
	ID da Classe: 2
	Temperatura: 58.227801323980401
	Vibração: 1.295436554880532
	Pressão: 249.246031958097690
	Taxa de Fluxo da Bomba: 14.665325547769649
	RPM: 2931.693998855596900
	Operação da Bomba em horas 303.149296385020650
	Manutenção Recente: 0

	Número de Comparações para Inserção: 5


Medições da Bomba adicionada:
	Identificador da Bomba: 00504
	ID da Classe: 4
	Temperatura: 78.105466683844156
	Vibração: 2.161053147584822
	Pressão: 101.526795859370610
	Taxa de Fluxo da Bomba: 13.004683853138532
	RPM: 2271.831681578143200
	Operação da Bomba em horas 2970.973361223544100
	Manutenção Recente: 0

	Número de Comparações para Inserção: 5


Medições da Bomba adicionada:
	Identificador da Bomba: 00654
	ID da Classe: 5
	Temperatura: 100.006305560256690
	Vibração: 4.278891455272397
	Pressão: 191.521078760688510
	Taxa de Fluxo da Bomba: 11.590583501942511
	RPM: 1190.570549360789100
	Operação da Bomba em horas 2623.085384037694900
	Manutenção Recente: 1

	Número de Comparações para Inserção: 3


Medições da Bomba adicionada:
	Identificador da Bomba: 00507
	ID da Classe: 4
	Temperatura: 122.783593034893220
	Vibração: 0.168315943361079
	Pressão: 179.326089017601160
	Taxa de Fluxo da Bomba: 7.553022585275670
	RPM: 2103.572978230962200
	Operação da Bomba em horas 645.472528492609290
	Manutenção Recente: 0

	Número de Comparações para Inserção: 4


Medições da Bomba adicionada:
	Identificador da Bomba: 00655
	ID da Classe: 5
	Temperatura: 78.066393136886262
	Vibração: 1.218896375681766
	Pressão: 248.999620490237390
	Taxa de Fluxo da Bomba: 9.910083272647681
	RPM: 1043.357273021528700
	Operação da Bomba em horas 3345.673641624928200
	Manutenção Recente: 0

	Número de Comparações para Inserção: 4


Medições da Bomba adicionada:
	Identificador da Bomba: 00209
	ID da Classe: 2
	Temperatura: 91.018445948303082
	Vibração: 1.227959809186717
	Pressão: 173.417654988132880
	Taxa de Fluxo da Bomba: 18.477412990385986
	RPM: 1069.195853745559800
	Operação da Bomba em horas 929.279937087985790
	Manutenção Recente: 0

	Número de Comparações para Inserção: 5


Medições da Bomba adicionada:
	Identificador da Bomba: 00205
	ID da Classe: 2
	Temperatura: 79.183117252467568
	Vibração: 1.049441273202271
	Pressão: 199.553687486602200
	Taxa de Fluxo da Bomba: 7.595576336403831
	RPM: 1549.123589570074300
	Operação da Bomba em horas 4031.925684480203500
	Manutenção Recente: 0

	Número de Comparações para Inserção: 3


Medições da Bomba adicionada:
	Identificador da Bomba: 00205
	ID da Classe: 2
	Temperatura: 70.759147771600354
	Vibração: 3.796590744980912
	Pressão: 187.061204605994650
	Taxa de Fluxo da Bomba: 10.614879739226568
	RPM: 2539.115440399825300
	Operação da Bomba em horas 3221.095069457978800
	Manutenção Recente: 1

	Número de Comparações para Inserção: 3


Medições da Bomba adicionada:
	Identificador da Bomba: 00508
	ID da Classe: 4
	Temperatura: 59.665498209182630
	Vibração: 4.331243412017757
	Pressão: 147.684697749641940
	Taxa de Fluxo da Bomba: 18.248573912347254
	RPM: 1559.204697751916700
	Operação da Bomba em horas 1696.440774247602800
	Manutenção Recente: 1

	Número de Comparações para Inserção: 2


Medições da Bomba adicionada:
	Identificador da Bomba: 00502
	ID da Classe: 4
	Temperatura: 138.964961140404170
	Vibração: 0.239818742408295
	Pressão: 145.461860993031370
	Taxa de Fluxo da Bomba: 12.968239715254066
	RPM: 1317.280250680937600
	Operação da Bomba em horas 9833.369690469910000
	Manutenção Recente: 1

	Número de Comparações para Inserção: 6


Medições da Bomba adicionada:
	Identificador da Bomba: 00058
	ID da Classe: 1
	Temperatura: 126.749377406004780
	Vibração: 2.369505946989207
	Pressão: 255.118349107704090
	Taxa de Fluxo da Bomba: 13.467767848628318
	RPM: 1650.743759211261000
	Operação da Bomba em horas 112.563480093523310
	Manutenção Recente: 0

	Número de Comparações para Inserção: 5


Medições da Bomba adicionada:
	Identificador da Bomba: 00205
	ID da Classe: 2
	Temperatura: 97.273128237451516
	Vibração: 2.282522429728532
	Pressão: 245.452394054044760
	Taxa de Fluxo da Bomba: 14.005435448600197
	RPM: 1967.741619265762200
	Operação da Bomba em horas 2330.497724168275000
	Manutenção Recente: 1

	Número de Comparações para Inserção: 3


Medições da Bomba adicionada:
	Identificador da Bomba: 00206
	ID da Classe: 2
	Temperatura: 68.769274231678423
	Vibração: 1.207199319439426
	Pressão: 174.585643744982690
	Taxa de Fluxo da Bomba: 13.083821932917603
	RPM: 2210.628215212783300
	Operação da Bomba em horas 9863.259690523555000
	Manutenção Recente: 0

	Número de Comparações para Inserção: 5


Medições da Bomba adicionada:
	Identificador da Bomba: 00352
	ID da Classe: 3
	Temperatura: 117.597342849789230
	Vibração: 3.503617280259850
	Pressão: 149.908929854311220
	Taxa de Fluxo da Bomba: 9.866251616067151
	RPM: 1324.097393100572200
	Operação da Bomba em horas 2531.058387290684500
	Manutenção Recente: 1

	Número de Comparações para Inserção: 5


Medições da Bomba adicionada:
	Identificador da Bomba: 00201
	ID da Classe: 2
	Temperatura: 87.724941011444116
	Vibração: 0.761198655504367
	Pressão: 222.835465129419160
	Taxa de Fluxo da Bomba: 6.835357878594125
	RPM: 1508.660649761686000
	Operação da Bomba em horas 9848.555182737798500
	Manutenção Recente: 0

	Número de Comparações para Inserção: 6


Medições da Bomba adicionada:
	Identificador da Bomba: 00360
	ID da Classe: 3
	Temperatura: 127.394251531061830
	Vibração: 3.269528084413234
	Pressão: 264.592115849619520
	Taxa de Fluxo da Bomba: 15.900052194497770
	RPM: 2665.388656773633600
	Operação da Bomba em horas 3085.340179928357400
	Manutenção Recente: 0

	Número de Comparações para Inserção: 6


Medições da Bomba adicionada:
	Identificador da Bomba: 00052
	ID da Classe: 1
	Temperatura: 100.971016582990340
	Vibração: 0.495491744427648
	Pressão: 182.953985587722680
	Taxa de Fluxo da Bomba: 7.858409804231478
	RPM: 2215.068747616451200
	Operação da Bomba em horas 1193.792281478314000
	Manutenção Recente: 0

	Número de Comparações para Inserção: 6


Medições da Bomba adicionada:
	Identificador da Bomba: 00507
	ID da Classe: 4
	Temperatura: 142.640583494020230
	Vibração: 1.231006645603938
	Pressão: 130.800122499300470
	Taxa de Fluxo da Bomba: 15.089778426772789
	RPM: 2744.308410419716000
	Operação da Bomba em horas 2507.992543341118100
	Manutenção Recente: 0

	Número de Comparações para Inserção: 4


Medições da Bomba adicionada:
	Identificador da Bomba: 00651
	ID da Classe: 5
	Temperatura: 69.697447086689351
	Vibração: 0.211484174231269
	Pressão: 250.730290324633420
	Taxa de Fluxo da Bomba: 9.516040722001549
	RPM: 2041.102005876571400
	Operação da Bomba em horas 1841.246015996118100
	Manutenção Recente: 0

	Número de Comparações para Inserção: 6


Medições da Bomba adicionada:
	Identificador da Bomba: 00207
	ID da Classe: 2
	Temperatura: 58.575205529354605
	Vibração: 3.826195632328934
	Pressão: 177.449741025324560
	Taxa de Fluxo da Bomba: 3.791869278675167
	RPM: 2436.304939600573600
	Operação da Bomba em horas 1975.543056979321600
	Manutenção Recente: 1

	Número de Comparações para Inserção: 4


Medições da Bomba adicionada:
	Identificador da Bomba: 00060
	ID da Classe: 1
	Temperatura: 84.414635053261406
	Vibração: 3.444815967823184
	Pressão: 152.356025045604550
	Taxa de Fluxo da Bomba: 13.338693637497057
	RPM: 1609.049379928268100
	Operação da Bomba em horas 3492.765808777694900
	Manutenção Recente: 0

	Número de Comparações para Inserção: 4


Medições da Bomba adicionada:
	Identificador da Bomba: 00505
	ID da Classe: 4
	Temperatura: 94.071202051936297
	Vibração: 1.853172722692172
	Pressão: 213.774774795470480
	Taxa de Fluxo da Bomba: 14.664622863194472
	RPM: 2273.043638519777700
	Operação da Bomba em horas 903.988484134426470
	Manutenção Recente: 0

	Número de Comparações para Inserção: 6


Medições da Bomba adicionada:
	Identificador da Bomba: 00051
	ID da Classe: 1
	Temperatura: 124.910492462383930
	Vibração: 3.374772584128195
	Pressão: 138.479422535887350
	Taxa de Fluxo da Bomba: 19.854492805828940
	RPM: 1403.518734261686200
	Operação da Bomba em horas 7534.300366586891000
	Manutenção Recente: 0

	Número de Comparações para Inserção: 5


Medições da Bomba adicionada:
	Identificador da Bomba: 00056
	ID da Classe: 1
	Temperatura: 85.771772708553868
	Vibração: 2.173498383092204
	Pressão: 167.421260648376830
	Taxa de Fluxo da Bomba: 2.839543201512878
	RPM: 2367.008652378642200
	Operação da Bomba em horas 4333.933722545378300
	Manutenção Recente: 0

	Número de Comparações para Inserção: 6


Medições da Bomba adicionada:
	Identificador da Bomba: 00206
	ID da Classe: 2
	Temperatura: 56.320217786240988
	Vibração: 4.131229758984020
	Pressão: 240.580204364923790
	Taxa de Fluxo da Bomba: 19.779689329670681
	RPM: 1560.030817765982600
	Operação da Bomba em horas 6152.743124918130000
	Manutenção Recente: 0

	Número de Comparações para Inserção: 5


Medições da Bomba adicionada:
	Identificador da Bomba: 00209
	ID da Classe: 2
	Temperatura: 57.238281042365394
	Vibração: 1.428135134660043
	Pressão: 142.108801021539620
	Taxa de Fluxo da Bomba: 15.455552319713583
	RPM: 1046.817326079169600
	Operação da Bomba em horas 7535.710287383185500
	Manutenção Recente: 0

	Número de Comparações para Inserção: 5


Medições da Bomba adicionada:
	Identificador da Bomba: 00352
	ID da Classe: 3
	Temperatura: 114.712495245971370
	Vibração: 2.469524978019998
	Pressão: 299.460247313439030
	Taxa de Fluxo da Bomba: 11.731167163403944
	RPM: 1911.740968896135700
	Operação da Bomba em horas 3437.994481369471000
	Manutenção Recente: 0

	Número de Comparações para Inserção: 5


Medições da Bomba adicionada:
	Identificador da Bomba: 00657
	ID da Classe: 5
	Temperatura: 85.854518449622020
	Vibração: 2.495784762803370
	Pressão: 123.050610393301780
	Taxa de Fluxo da Bomba: 15.311515611269707
	RPM: 2547.238492752843700
	Operação da Bomba em horas 4719.102509555396900
	Manutenção Recente: 1

	Número de Comparações para Inserção: 6


Medições da Bomba adicionada:
	Identificador da Bomba: 00356
	ID da Classe: 3
	Temperatura: 126.404126346222440
	Vibração: 4.178551288143622
	Pressão: 169.731470768684630
	Taxa de Fluxo da Bomba: 3.886867627662303
	RPM: 1462.497576885106600
	Operação da Bomba em horas 5846.455896349922100
	Manutenção Recente: 1

	Número de Comparações para Inserção: 3


Medições da Bomba adicionada:
	Identificador da Bomba: 00207
	ID da Classe: 2
	Temperatura: 50.060251984748973
	Vibração: 3.861992904318386
	Pressão: 130.812210766212330
	Taxa de Fluxo da Bomba: 8.383978406254386
	RPM: 2481.641516017028600
	Operação da Bomba em horas 530.534274609415430
	Manutenção Recente: 1

	Número de Comparações para Inserção: 4


Medições da Bomba adicionada:
	Identificador da Bomba: 00355
	ID da Classe: 3
	Temperatura: 124.007738248449500
	Vibração: 0.344842307486912
	Pressão: 233.848246461869480
	Taxa de Fluxo da Bomba: 14.968138481754437
	RPM: 2248.714425266400700
	Operação da Bomba em horas 2348.293968007655200
	Manutenção Recente: 1

	Número de Comparações para Inserção: 5


Medições da Bomba adicionada:
	Identificador da Bomba: 00355
	ID da Classe: 3
	Temperatura: 61.556147427980768
	Vibração: 1.379621619898323
	Pressão: 282.068302556102420
	Taxa de Fluxo da Bomba: 1.421910160484977
	RPM: 2981.518936042094500
	Operação da Bomba em horas 9101.858932153689200
	Manutenção Recente: 0

	Número de Comparações para Inserção: 5


Medições da Bomba adicionada:
	Identificador da Bomba: 00507
	ID da Classe: 4
	Temperatura: 88.642312572300028
	Vibração: 3.646142229083698
	Pressão: 190.886670206345090
	Taxa de Fluxo da Bomba: 12.404544077691382
	RPM: 2503.801942025366800
	Operação da Bomba em horas 8586.280211081148100
	Manutenção Recente: 1

	Número de Comparações para Inserção: 4


Medições da Bomba adicionada:
	Identificador da Bomba: 00054
	ID da Classe: 1
	Temperatura: 82.308787126465205
	Vibração: 0.260334871577010
	Pressão: 111.615379846857280
	Taxa de Fluxo da Bomba: 8.317804632256713
	RPM: 2076.065517239750100
	Operação da Bomba em horas 6231.151091374035800
	Manutenção Recente: 0

	Número de Comparações para Inserção: 7


Medições da Bomba adicionada:
	Identificador da Bomba: 00352
	ID da Classe: 3
	Temperatura: 111.029887817748570
	Vibração: 3.403298044332250
	Pressão: 139.748494811627010
	Taxa de Fluxo da Bomba: 1.261991778679524
	RPM: 1972.085572644430800
	Operação da Bomba em horas 3793.988724323845000
	Manutenção Recente: 1

	Número de Comparações para Inserção: 5


Medições da Bomba adicionada:
	Identificador da Bomba: 00208
	ID da Classe: 2
	Temperatura: 137.790137444767420
	Vibração: 4.060175863098363
	Pressão: 231.817479541865680
	Taxa de Fluxo da Bomba: 19.853818035413777
	RPM: 1780.065859132771900
	Operação da Bomba em horas 6428.772262862493300
	Manutenção Recente: 0

	Número de Comparações para Inserção: 6


Medições da Bomba adicionada:
	Identificador da Bomba: 00059
	ID da Classe: 1
	Temperatura: 92.634380236827894
	Vibração: 3.179550658924888
	Pressão: 115.336086874364360
	Taxa de Fluxo da Bomba: 6.685269031562902
	RPM: 1978.719441155476300
	Operação da Bomba em horas 3776.521007387998000
	Manutenção Recente: 1

	Número de Comparações para Inserção: 3


Medições da Bomba adicionada:
	Identificador da Bomba: 00507
	ID da Classe: 4
	Temperatura: 118.956552976963610
	Vibração: 1.597815504306096
	Pressão: 124.392716385578580
	Taxa de Fluxo da Bomba: 1.829821538837816
	RPM: 1627.353511268241600
	Operação da Bomba em horas 5659.014267702889800
	Manutenção Recente: 1

	Número de Comparações para Inserção: 4


Medições da Bomba adicionada:
	Identificador da Bomba: 00357
	ID da Classe: 3
	Temperatura: 76.972928346884032
	Vibração: 2.117786995236093
	Pressão: 143.284299229902220
	Taxa de Fluxo da Bomba: 9.547156147885454
	RPM: 1092.842697611394900
	Operação da Bomba em horas 4051.512266396306600
	Manutenção Recente: 0

	Número de Comparações para Inserção: 6


Medições da Bomba adicionada:
	Identificador da Bomba: 00507
	ID da Classe: 4
	Temperatura: 72.458313553491564
	Vibração: 2.556709958834817
	Pressão: 270.014618262807400
	Taxa de Fluxo da Bomba: 17.782883298462092
	RPM: 2588.900974849416300
	Operação da Bomba em horas 3397.161889661487300
	Manutenção Recente: 0

	Número de Comparações para Inserção: 4


Medições da Bomba adicionada:
	Identificador da Bomba: 00207
	ID da Classe: 2
	Temperatura: 77.313138952844398
	Vibração: 2.288271629835550
	Pressão: 273.920754219997660
	Taxa de Fluxo da Bomba: 14.915376776829479
	RPM: 2599.423233889235200
	Operação da Bomba em horas 4555.179883563148000
	Manutenção Recente: 0

	Número de Comparações para Inserção: 3


Medições da Bomba adicionada:
	Identificador da Bomba: 00359
	ID da Classe: 3
	Temperatura: 114.809415758336930
	Vibração: 2.362861579432938
	Pressão: 224.489595586648220
	Taxa de Fluxo da Bomba: 3.069943512648366
	RPM: 1707.320382344453700
	Operação da Bomba em horas 2770.277047397311400
	Manutenção Recente: 1

	Número de Comparações para Inserção: 6


Medições da Bomba adicionada:
	Identificador da Bomba: 00056
	ID da Classe: 1
	Temperatura: 98.358211486853662
	Vibração: 0.528213150680277
	Pressão: 110.450640419959230
	Taxa de Fluxo da Bomba: 18.595565985542233
	RPM: 1437.858084885534900
	Operação da Bomba em horas 4462.081112814497800
	Manutenção Recente: 0

	Número de Comparações para Inserção: 6


Medições da Bomba adicionada:
	Identificador da Bomba: 00505
	ID da Classe: 4
	Temperatura: 101.034799850820090
	Vibração: 0.433318103635085
	Pressão: 140.957937333066780
	Taxa de Fluxo da Bomba: 2.193362996540849
	RPM: 1206.428424208213500
	Operação da Bomba em horas 7254.054136171101200
	Manutenção Recente: 0

	Número de Comparações para Inserção: 5


Medições da Bomba adicionada:
	Identificador da Bomba: 00210
	ID da Classe: 2
	Temperatura: 105.687167925037290
	Vibração: 2.828204517096812
	Pressão: 119.569044282274220
	Taxa de Fluxo da Bomba: 2.340839774612180
	RPM: 2385.068046962020600
	Operação da Bomba em horas 1892.030011212537100
	Manutenção Recente: 0

	Número de Comparações para Inserção: 1


Medições da Bomba adicionada:
	Identificador da Bomba: 00653
	ID da Classe: 5
	Temperatura: 113.340591977200320
	Vibração: 4.035276586169399
	Pressão: 106.301776184211390
	Taxa de Fluxo da Bomba: 4.077099335223730
	RPM: 1076.340324505022000
	Operação da Bomba em horas 2159.025267071871000
	Manutenção Recente: 0

	Número de Comparações para Inserção: 6


Medições da Bomba adicionada:
	Identificador da Bomba: 00659
	ID da Classe: 5
	Temperatura: 108.543322756016880
	Vibração: 1.223914184241038
	Pressão: 185.074409948629470
	Taxa de Fluxo da Bomba: 11.720865089889550
	RPM: 2373.488956021317800
	Operação da Bomba em horas 2054.857542390052000
	Manutenção Recente: 1

	Número de Comparações para Inserção: 7


Medições da Bomba adicionada:
	Identificador da Bomba: 00353
	ID da Classe: 3
	Temperatura: 137.361780046915270
	Vibração: 4.089029385863557
	Pressão: 189.452741262156110
	Taxa de Fluxo da Bomba: 13.960510868683809
	RPM: 1300.345533834279200
	Operação da Bomba em horas 7882.112558318993300
	Manutenção Recente: 1

	Número de Comparações para Inserção: 4


Medições da Bomba adicionada:
	Identificador da Bomba: 00658
	ID da Classe: 5
	Temperatura: 108.879277492170790
	Vibração: 1.752453459322074
	Pressão: 262.760269492050210
	Taxa de Fluxo da Bomba: 9.315485760826983
	RPM: 2567.039175748142000
	Operação da Bomba em horas 4878.357882425772000
	Manutenção Recente: 1

	Número de Comparações para Inserção: 7


Medições da Bomba adicionada:
	Identificador da Bomba: 00503
	ID da Classe: 4
	Temperatura: 88.232481561716156
	Vibração: 4.064928856345135
	Pressão: 235.660399943439300
	Taxa de Fluxo da Bomba: 19.533968071737647
	RPM: 2915.045693953147700
	Operação da Bomba em horas 5628.985996368212900
	Manutenção Recente: 0

	Número de Comparações para Inserção: 6


Medições da Bomba adicionada:
	Identificador da Bomba: 00358
	ID da Classe: 3
	Temperatura: 135.149181424399440
	Vibração: 1.221687971549413
	Pressão: 153.438759895479280
	Taxa de Fluxo da Bomba: 18.395215911073514
	RPM: 2186.882853635463600
	Operação da Bomba em horas 8246.063952941953200
	Manutenção Recente: 0

	Número de Comparações para Inserção: 7


Medições da Bomba adicionada:
	Identificador da Bomba: 00207
	ID da Classe: 2
	Temperatura: 117.666145544548610
	Vibração: 2.490628470541331
	Pressão: 172.347611965534070
	Taxa de Fluxo da Bomba: 10.984210301910487
	RPM: 2272.147292547367700
	Operação da Bomba em horas 6859.729389026257200
	Manutenção Recente: 1

	Número de Comparações para Inserção: 3


Medições da Bomba adicionada:
	Identificador da Bomba: 00352
	ID da Classe: 3
	Temperatura: 101.866129516917060
	Vibração: 4.149790850825671
	Pressão: 295.044493687021430
	Taxa de Fluxo da Bomba: 0.629369727381644
	RPM: 1638.459801334212700
	Operação da Bomba em horas 4720.002938856959200
	Manutenção Recente: 0

	Número de Comparações para Inserção: 5


Medições da Bomba adicionada:
	Identificador da Bomba: 00054
	ID da Classe: 1
	Temperatura: 126.931232851211210
	Vibração: 3.500264043593111
	Pressão: 246.703872338835740
	Taxa de Fluxo da Bomba: 1.269281174269302
	RPM: 1478.407157798597200
	Operação da Bomba em horas 1411.437288739323300
	Manutenção Recente: 0

	Número de Comparações para Inserção: 6


Medições da Bomba adicionada:
	Identificador da Bomba: 00202
	ID da Classe: 2
	Temperatura: 143.530827847611250
	Vibração: 4.864766920947020
	Pressão: 214.118976979215970
	Taxa de Fluxo da Bomba: 15.358131139074493
	RPM: 1057.793220813641000
	Operação da Bomba em horas 1500.682527910081900
	Manutenção Recente: 0

	Número de Comparações para Inserção: 2


Medições da Bomba adicionada:
	Identificador da Bomba: 00505
	ID da Classe: 4
	Temperatura: 63.200426000338418
	Vibração: 1.543049327711857
	Pressão: 290.142539226705590
	Taxa de Fluxo da Bomba: 5.600009048141700
	RPM: 2064.447295328616700
	Operação da Bomba em horas 3046.626221180888900
	Manutenção Recente: 0

	Número de Comparações para Inserção: 6


Medições da Bomba adicionada:
	Identificador da Bomba: 00205
	ID da Classe: 2
	Temperatura: 101.033332008100970
	Vibração: 4.133337278082547
	Pressão: 152.565890675929550
	Taxa de Fluxo da Bomba: 6.854744963099817
	RPM: 1027.957155179051100
	Operação da Bomba em horas 9203.503040012028600
	Manutenção Recente: 1

	Número de Comparações para Inserção: 4


Medições da Bomba adicionada:
	Identificador da Bomba: 00510
	ID da Classe: 4
	Temperatura: 129.173704546065380
	Vibração: 0.377598266738960
	Pressão: 161.578750784968580
	Taxa de Fluxo da Bomba: 2.756491892724511
	RPM: 1559.514651568156300
	Operação da Bomba em horas 9666.275614107911700
	Manutenção Recente: 0

	Número de Comparações para Inserção: 6


Medições da Bomba adicionada:
	Identificador da Bomba: 00504
	ID da Classe: 4
	Temperatura: 57.384007846195082
	Vibração: 4.850013644911384
	Pressão: 297.480680286203660
	Taxa de Fluxo da Bomba: 13.041303406773419
	RPM: 1835.080015123271100
	Operação da Bomba em horas 4026.528345275367400
	Manutenção Recente: 0

	Número de Comparações para Inserção: 2


Medições da Bomba adicionada:
	Identificador da Bomba: 00509
	ID da Classe: 4
	Temperatura: 105.291342254417120
	Vibração: 0.215604225213804
	Pressão: 181.934442372783510
	Taxa de Fluxo da Bomba: 5.608843370182940
	RPM: 1101.182650635643100
	Operação da Bomba em horas 7327.538811440820600
	Manutenção Recente: 1

	Número de Comparações para Inserção: 4


Medições da Bomba adicionada:
	Identificador da Bomba: 00509
	ID da Classe: 4
	Temperatura: 120.397259757897800
	Vibração: 4.738787945201195
	Pressão: 234.555799811786220
	Taxa de Fluxo da Bomba: 19.088246921279534
	RPM: 2398.451568535446300
	Operação da Bomba em horas 7088.605265509019800
	Manutenção Recente: 0

	Número de Comparações para Inserção: 4


Medições da Bomba adicionada:
	Identificador da Bomba: 00659
	ID da Classe: 5
	Temperatura: 72.680302212574674
	Vibração: 0.265709550666108
	Pressão: 260.448161124293110
	Taxa de Fluxo da Bomba: 12.734818822235157
	RPM: 1680.079815249291600
	Operação da Bomba em horas 3767.763530235640200
	Manutenção Recente: 0

	Número de Comparações para Inserção: 5


Medições da Bomba adicionada:
	Identificador da Bomba: 00206
	ID da Classe: 2
	Temperatura: 138.114391531189770
	Vibração: 3.781134484228340
	Pressão: 216.698231416118180
	Taxa de Fluxo da Bomba: 4.846107212638123
	RPM: 2556.566241617033500
	Operação da Bomba em horas 155.343470515573070
	Manutenção Recente: 1

	Número de Comparações para Inserção: 5


Medições da Bomba adicionada:
	Identificador da Bomba: 00208
	ID da Classe: 2
	Temperatura: 86.374409384787796
	Vibração: 3.405381607691041
	Pressão: 284.176617655215520
	Taxa de Fluxo da Bomba: 2.190297546160148
	RPM: 2404.208189483559200
	Operação da Bomba em horas 4198.769044161837900
	Manutenção Recente: 0

	Número de Comparações para Inserção: 5


Medições da Bomba adicionada:
	Identificador da Bomba: 00054
	ID da Classe: 1
	Temperatura: 125.162980005803790
	Vibração: 1.959635195193201
	Pressão: 168.713031006134260
	Taxa de Fluxo da Bomba: 4.251440780029467
	RPM: 2854.853066163440400
	Operação da Bomba em horas 1038.873457526135800
	Manutenção Recente: 0

	Número de Comparações para Inserção: 6


Medições da Bomba adicionada:
	Identificador da Bomba: 00358
	ID da Classe: 3
	Temperatura: 97.713443207491963
	Vibração: 4.556569845102107
	Pressão: 274.065875930027970
	Taxa de Fluxo da Bomba: 4.257019336352073
	RPM: 1392.013111641441400
	Operação da Bomba em horas 7930.294856090497000
	Manutenção Recente: 1

	Número de Comparações para Inserção: 5


Medições da Bomba adicionada:
	Identificador da Bomba: 00204
	ID da Classe: 2
	Temperatura: 147.379212631218730
	Vibração: 4.692202602018913
	Pressão: 208.800336724396460
	Taxa de Fluxo da Bomba: 13.349855986031676
	RPM: 1421.631298898474100
	Operação da Bomba em horas 2591.600937387771400
	Manutenção Recente: 1

	Número de Comparações para Inserção: 5


Medições da Bomba adicionada:
	Identificador da Bomba: 00504
	ID da Classe: 4
	Temperatura: 64.227373989783118
	Vibração: 4.458351018496981
	Pressão: 251.537053503161300
	Taxa de Fluxo da Bomba: 17.766135382455339
	RPM: 2422.405814941787900
	Operação da Bomba em horas 4454.705540833895600
	Manutenção Recente: 0

	Número de Comparações para Inserção: 2


Medições da Bomba adicionada:
	Identificador da Bomba: 00055
	ID da Classe: 1
	Temperatura: 89.035727577619156
	Vibração: 4.971894354364440
	Pressão: 185.032048285134550
	Taxa de Fluxo da Bomba: 6.269620842379226
	RPM: 2666.148706683216500
	Operação da Bomba em horas 463.461865146682900
	Manutenção Recente: 1

	Número de Comparações para Inserção: 4


Medições da Bomba adicionada:
	Identificador da Bomba: 00202
	ID da Classe: 2
	Temperatura: 136.700035455379410
	Vibração: 2.888502327370838
	Pressão: 127.458023114981810
	Taxa de Fluxo da Bomba: 10.786859413982617
	RPM: 1643.373312903632000
	Operação da Bomba em horas 8990.376125950007900
	Manutenção Recente: 1

	Número de Comparações para Inserção: 2


Medições da Bomba adicionada:
	Identificador da Bomba: 00510
	ID da Classe: 4
	Temperatura: 79.624232418869767
	Vibração: 3.211424062096159
	Pressão: 197.657612190125010
	Taxa de Fluxo da Bomba: 14.221219703063319
	RPM: 1533.211242580459400
	Operação da Bomba em horas 9364.909679751830500
	Manutenção Recente: 1

	Número de Comparações para Inserção: 6


Medições da Bomba adicionada:
	Identificador da Bomba: 00052
	ID da Classe: 1
	Temperatura: 104.065622848850110
	Vibração: 2.509796353830639
	Pressão: 102.738966601678940
	Taxa de Fluxo da Bomba: 11.340792063267301
	RPM: 2398.159408817864500
	Operação da Bomba em horas 7767.811610328620200
	Manutenção Recente: 1

	Número de Comparações para Inserção: 5


Medições da Bomba adicionada:
	Identificador da Bomba: 00653
	ID da Classe: 5
	Temperatura: 83.414977642433968
	Vibração: 4.698775837371750
	Pressão: 122.441432204973370
	Taxa de Fluxo da Bomba: 5.118399762608007
	RPM: 2627.787304049293200
	Operação da Bomba em horas 188.918088458578350
	Manutenção Recente: 1

	Número de Comparações para Inserção: 6


Medições da Bomba adicionada:
	Identificador da Bomba: 00355
	ID da Classe: 3
	Temperatura: 137.186603744860460
	Vibração: 3.904540786278509
	Pressão: 227.006971972922830
	Taxa de Fluxo da Bomba: 11.563262951928142
	RPM: 2687.885517171548600
	Operação da Bomba em horas 2647.225910924818000
	Manutenção Recente: 0

	Número de Comparações para Inserção: 5


Medições da Bomba adicionada:
	Identificador da Bomba: 00660
	ID da Classe: 5
	Temperatura: 116.681214413935820
	Vibração: 4.657256407400383
	Pressão: 193.987473948411780
	Taxa de Fluxo da Bomba: 18.702872723263553
	RPM: 2422.394482893294500
	Operação da Bomba em horas 3222.690462589630900
	Manutenção Recente: 1

	Número de Comparações para Inserção: 6


Medições da Bomba adicionada:
	Identificador da Bomba: 00510
	ID da Classe: 4
	Temperatura: 72.406514075181860
	Vibração: 4.445994629393010
	Pressão: 123.671872943313860
	Taxa de Fluxo da Bomba: 9.823363014829130
	RPM: 2662.930149734803300
	Operação da Bomba em horas 1129.878914361968600
	Manutenção Recente: 0

	Número de Comparações para Inserção: 6


Medições da Bomba adicionada:
	Identificador da Bomba: 00207
	ID da Classe: 2
	Temperatura: 81.690776156384288
	Vibração: 1.184696716992937
	Pressão: 191.248850289952710
	Taxa de Fluxo da Bomba: 6.257983384747067
	RPM: 2542.526348804005900
	Operação da Bomba em horas 6102.143516020838400
	Manutenção Recente: 1

	Número de Comparações para Inserção: 3


Medições da Bomba adicionada:
	Identificador da Bomba: 00657
	ID da Classe: 5
	Temperatura: 147.834713106181480
	Vibração: 1.375412140289350
	Pressão: 248.679750808940720
	Taxa de Fluxo da Bomba: 5.908576772535168
	RPM: 1130.492660324144700
	Operação da Bomba em horas 9614.016435267021700
	Manutenção Recente: 0

	Número de Comparações para Inserção: 4


Busca da Bomba com identificador 00353:
	-------------------------------------------------
	ID da Classe: 3
	Temperatura: 79.840758469775722
	Vibração: 3.620434357023429
	Pressão: 241.569398217840440
	Taxa de Fluxo da Bomba: 19.059151385856477
	RPM: 1366.871477441724000
	Operação da Bomba em horas 4801.365979005075100
	Manutenção Recente: 1
	-------------------------------------------------
	ID da Classe: 3
	Temperatura: 137.361780046915270
	Vibração: 4.089029385863557
	Pressão: 189.452741262156110
	Taxa de Fluxo da Bomba: 13.960510868683809
	RPM: 1300.345533834279200
	Operação da Bomba em horas 7882.112558318993300
	Manutenção Recente: 1

	Número de Comparações na Busca: 4


Busca da Bomba com identificador 00207:
	-------------------------------------------------
	ID da Classe: 2
	Temperatura: 143.578510932330690
	Vibração: 0.330508112685327
	Pressão: 234.374538380423250
	Taxa de Fluxo da Bomba: 0.747837493371560
	RPM: 2658.966158187872200
	Operação da Bomba em horas 7854.173775446770400
	Manutenção Recente: 1
	-------------------------------------------------
	ID da Classe: 2
	Temperatura: 58.575205529354605
	Vibração: 3.826195632328934
	Pressão: 177.449741025324560
	Taxa de Fluxo da Bomba: 3.791869278675167
	RPM: 2436.304939600573600
	Operação da Bomba em horas 1975.543056979321600
	Manutenção Recente: 1
	-------------------------------------------------
	ID da Classe: 2
	Temperatura: 50.060251984748973
	Vibração: 3.861992904318386
	Pressão: 130.812210766212330
	Taxa de Fluxo da Bomba: 8.383978406254386
	RPM: 2481.641516017028600
	Operação da Bomba em horas 530.534274609415430
	Manutenção Recente: 1
	-------------------------------------------------
	ID da Classe: 2
	Temperatura: 77.313138952844398
	Vibração: 2.288271629835550
	Pressão: 273.920754219997660
	Taxa de Fluxo da Bomba: 14.915376776829479
	RPM: 2599.423233889235200
	Operação da Bomba em horas 4555.179883563148000
	Manutenção Recente: 0
	-------------------------------------------------
	ID da Classe: 2
	Temperatura: 117.666145544548610
	Vibração: 2.490628470541331
	Pressão: 172.347611965534070
	Taxa de Fluxo da Bomba: 10.984210301910487
	RPM: 2272.147292547367700
	Operação da Bomba em horas 6859.729389026257200
	Manutenção Recente: 1
	-------------------------------------------------
	ID da Classe: 2
	Temperatura: 81.690776156384288
	Vibração: 1.184696716992937
	Pressão: 191.248850289952710
	Taxa de Fluxo da Bomba: 6.257983384747067
	RPM: 2542.526348804005900
	Operação da Bomba em horas 6102.143516020838400
	Manutenção Recente: 1

	Número de Comparações na Busca: 3


Busca da Bomba com identificador 00358:
	-------------------------------------------------
	ID da Classe: 3
	Temperatura: 135.149181424399440
	Vibração: 1.221687971549413
	Pressão: 153.438759895479280
	Taxa de Fluxo da Bomba: 18.395215911073514
	RPM: 2186.882853635463600
	Operação da Bomba em horas 8246.063952941953200
	Manutenção Recente: 0
	-------------------------------------------------
	ID da Classe: 3
	Temperatura: 97.713443207491963
	Vibração: 4.556569845102107
	Pressão: 274.065875930027970
	Taxa de Fluxo da Bomba: 4.257019336352073
	RPM: 1392.013111641441400
	Operação da Bomba em horas 7930.294856090497000
	Manutenção Recente: 1

	Número de Comparações na Busca: 5


Busca da Bomba com identificador 00360:
	-------------------------------------------------
	ID da Classe: 3
	Temperatura: 127.394251531061830
	Vibração: 3.269528084413234
	Pressão: 264.592115849619520
	Taxa de Fluxo da Bomba: 15.900052194497770
	RPM: 2665.388656773633600
	Operação da Bomba em horas 3085.340179928357400
	Manutenção Recente: 0

	Número de Comparações na Busca: 4


Busca da Bomba com identificador 00210:
	-------------------------------------------------
	ID da Classe: 2
	Temperatura: 73.034502976556752
	Vibração: 0.758895771287366
	Pressão: 103.144727503474970
	Taxa de Fluxo da Bomba: 19.601897666100317
	RPM: 1415.363231901055500
	Operação da Bomba em horas 1052.153115107831100
	Manutenção Recente: 0
	-------------------------------------------------
	ID da Classe: 2
	Temperatura: 105.687167925037290
	Vibração: 2.828204517096812
	Pressão: 119.569044282274220
	Taxa de Fluxo da Bomba: 2.340839774612180
	RPM: 2385.068046962020600
	Operação da Bomba em horas 1892.030011212537100
	Manutenção Recente: 0

	Número de Comparações na Busca: 1


Busca da Bomba com identificador 00059:
	-------------------------------------------------
	ID da Classe: 1
	Temperatura: 125.772281104162600
	Vibração: 0.608159967655558
	Pressão: 153.921739020192660
	Taxa de Fluxo da Bomba: 5.656141560551976
	RPM: 2050.787150426587700
	Operação da Bomba em horas 6855.259946997525700
	Manutenção Recente: 1
	-------------------------------------------------
	ID da Classe: 1
	Temperatura: 92.634380236827894
	Vibração: 3.179550658924888
	Pressão: 115.336086874364360
	Taxa de Fluxo da Bomba: 6.685269031562902
	RPM: 1978.719441155476300
	Operação da Bomba em horas 3776.521007387998000
	Manutenção Recente: 1

	Número de Comparações na Busca: 3


Busca da Bomba com identificador 00507:
	-------------------------------------------------
	ID da Classe: 4
	Temperatura: 135.222632333213540
	Vibração: 4.388543948939240
	Pressão: 221.127873808670270
	Taxa de Fluxo da Bomba: 1.510892425517073
	RPM: 1367.853373497263000
	Operação da Bomba em horas 7776.965447412773800
	Manutenção Recente: 0
	-------------------------------------------------
	ID da Classe: 4
	Temperatura: 122.783593034893220
	Vibração: 0.168315943361079
	Pressão: 179.326089017601160
	Taxa de Fluxo da Bomba: 7.553022585275670
	RPM: 2103.572978230962200
	Operação da Bomba em horas 645.472528492609290
	Manutenção Recente: 0
	-------------------------------------------------
	ID da Classe: 4
	Temperatura: 142.640583494020230
	Vibração: 1.231006645603938
	Pressão: 130.800122499300470
	Taxa de Fluxo da Bomba: 15.089778426772789
	RPM: 2744.308410419716000
	Operação da Bomba em horas 2507.992543341118100
	Manutenção Recente: 0
	-------------------------------------------------
	ID da Classe: 4
	Temperatura: 88.642312572300028
	Vibração: 3.646142229083698
	Pressão: 190.886670206345090
	Taxa de Fluxo da Bomba: 12.404544077691382
	RPM: 2503.801942025366800
	Operação da Bomba em horas 8586.280211081148100
	Manutenção Recente: 1
	-------------------------------------------------
	ID da Classe: 4
	Temperatura: 118.956552976963610
	Vibração: 1.597815504306096
	Pressão: 124.392716385578580
	Taxa de Fluxo da Bomba: 1.829821538837816
	RPM: 1627.353511268241600
	Operação da Bomba em horas 5659.014267702889800
	Manutenção Recente: 1
	-------------------------------------------------
	ID da Classe: 4
	Temperatura: 72.458313553491564
	Vibração: 2.556709958834817
	Pressão: 270.014618262807400
	Taxa de Fluxo da Bomba: 17.782883298462092
	RPM: 2588.900974849416300
	Operação da Bomba em horas 3397.161889661487300
	Manutenção Recente: 0

	Número de Comparações na Busca: 5


Busca da Bomba com identificador 00510:
	-------------------------------------------------
	ID da Classe: 4
	Temperatura: 129.173704546065380
	Vibração: 0.377598266738960
	Pressão: 161.578750784968580
	Taxa de Fluxo da Bomba: 2.756491892724511
	RPM: 1559.514651568156300
	Operação da Bomba em horas 9666.275614107911700
	Manutenção Recente: 0
	-------------------------------------------------
	ID da Classe: 4
	Temperatura: 79.624232418869767
	Vibração: 3.211424062096159
	Pressão: 197.657612190125010
	Taxa de Fluxo da Bomba: 14.221219703063319
	RPM: 1533.211242580459400
	Operação da Bomba em horas 9364.909679751830500
	Manutenção Recente: 1
	-------------------------------------------------
	ID da Classe: 4
	Temperatura: 72.406514075181860
	Vibração: 4.445994629393010
	Pressão: 123.671872943313860
	Taxa de Fluxo da Bomba: 9.823363014829130
	RPM: 2662.930149734803300
	Operação da Bomba em horas 1129.878914361968600
	Manutenção Recente: 0

	Número de Comparações na Busca: 6


Busca da Bomba com identificador 00509:
	-------------------------------------------------
	ID da Classe: 4
	Temperatura: 144.024745314820340
	Vibração: 3.850164957287165
	Pressão: 263.640614267065080
	Taxa de Fluxo da Bomba: 19.170695541081482
	RPM: 1256.739806580686000
	Operação da Bomba em horas 2049.878683254227300
	Manutenção Recente: 1
	-------------------------------------------------
	ID da Classe: 4
	Temperatura: 110.967042531099200
	Vibração: 1.087230873355199
	Pressão: 224.208207370029130
	Taxa de Fluxo da Bomba: 18.769888684282414
	RPM: 1929.039856276048800
	Operação da Bomba em horas 3968.199916906047700
	Manutenção Recente: 1
	-------------------------------------------------
	ID da Classe: 4
	Temperatura: 105.291342254417120
	Vibração: 0.215604225213804
	Pressão: 181.934442372783510
	Taxa de Fluxo da Bomba: 5.608843370182940
	RPM: 1101.182650635643100
	Operação da Bomba em horas 7327.538811440820600
	Manutenção Recente: 1
	-------------------------------------------------
	ID da Classe: 4
	Temperatura: 120.397259757897800
	Vibração: 4.738787945201195
	Pressão: 234.555799811786220
	Taxa de Fluxo da Bomba: 19.088246921279534
	RPM: 2398.451568535446300
	Operação da Bomba em horas 7088.605265509019800
	Manutenção Recente: 0

	Número de Comparações na Busca: 4


Busca da Bomba com identificador 00153:
	Nenhum registro de bomba encontrado

	Número de Comparações na Busca: 6


Busca da Bomba com identificador 00117:
	Nenhum registro de bomba encontrado

	Número de Comparações na Busca: 6


Busca da Bomba com identificador 00131:
	Nenhum registro de bomba encontrado

	Número de Comparações na Busca: 6


Busca da Bomba com identificador 00152:
	Nenhum registro de bomba encontrado

	Número de Comparações na Busca: 6


Busca da Bomba com identificador 00061:
	Nenhum registro de bomba encontrado

	Número de Comparações na Busca: 6


Busca da Bomba com identificador 00198:
	Nenhum registro de bomba encontrado

	Número de Comparações na Busca: 6


Busca da Bomba com identificador 00178:
	Nenhum registro de bomba encontrado

	Número de Comparações na Busca: 6


Busca da Bomba com identificador 00088:
	Nenhum registro de bomba encontrado

	Número de Comparações na Busca: 6


Busca da Bomba com identificador 00099:
	Nenhum registro de bomba encontrado

	Número de Comparações na Busca: 6


Busca da Bomba com identificador 00255:
	Nenhum registro de bomba encontrado

	Número de Comparações na Busca: 6


Busca da Bomba com identificador 00251:
	Nenhum registro de bomba encontrado

	Número de Comparações na Busca: 6


Busca da Bomba com identificador 00282:
	Nenhum registro de bomba encontrado

	Número de Comparações na Busca: 6


Busca da Bomba com identificador 00275:
	Nenhum registro de bomba encontrado

	Número de Comparações na Busca: 6


Busca da Bomba com identificador 00288:
	Nenhum registro de bomba encontrado

	Número de Comparações na Busca: 6


Busca da Bomba com identificador 00309:
	Nenhum registro de bomba encontrado

	Número de Comparações na Busca: 6


Busca da Bomba com identificador 00240:
	Nenhum registro de bomba encontrado

	Número de Comparações na Busca: 6


Busca da Bomba com identificador 00232:
	Nenhum registro de bomba encontrado

	Número de Comparações na Busca: 6


Busca da Bomba com identificador 00348:
	Nenhum registro de bomba encontrado

	Número de Comparações na Busca: 6


Busca da Bomba com identificador 00400:
	Nenhum registro de bomba encontrado

	Número de Comparações na Busca: 6


Busca da Bomba com identificador 00402:
	Nenhum registro de bomba encontrado

	Número de Comparações na Busca: 6


Busca da Bomba com identificador 00379:
	Nenhum registro de bomba encontrado

	Número de Comparações na Busca: 6


Busca da Bomba com identificador 00481:
	Nenhum registro de bomba encontrado

	Número de Comparações na Busca: 6


Busca da Bomba com identificador 00458:
	Nenhum registro de bomba encontrado

	Número de Comparações na Busca: 6


Busca da Bomba com identificador 00467:
	Nenhum registro de bomba encontrado

	Número de Comparações na Busca: 6


Busca da Bomba com identificador 00378:
	Nenhum registro de bomba encontrado

	Número de Comparações na Busca: 6


Busca da Bomba com identificador 00494:
	Nenhum registro de bomba encontrado

	Número de Comparações na Busca: 6


Busca da Bomba com identificador 00450:
	Nenhum registro de bomba encontrado

	Número de Comparações na Busca: 6


Busca da Bomba com identificador 00597:
	Nenhum registro de bomba encontrado

	Número de Comparações na Busca: 7


Busca da Bomba com identificador 00570:
	Nenhum registro de bomba encontrado

	Número de Comparações na Busca: 7


Busca da Bomba com identificador 00510:
	-------------------------------------------------
	ID da Classe: 4
	Temperatura: 129.173704546065380
	Vibração: 0.377598266738960
	Pressão: 161.578750784968580
	Taxa de Fluxo da Bomba: 2.756491892724511
	RPM: 1559.514651568156300
	Operação da Bomba em horas 9666.275614107911700
	Manutenção Recente: 0
	-------------------------------------------------
	ID da Classe: 4
	Temperatura: 79.624232418869767
	Vibração: 3.211424062096159
	Pressão: 197.657612190125010
	Taxa de Fluxo da Bomba: 14.221219703063319
	RPM: 1533.211242580459400
	Operação da Bomba em horas 9364.909679751830500
	Manutenção Recente: 1
	-------------------------------------------------
	ID da Classe: 4
	Temperatura: 72.406514075181860
	Vibração: 4.445994629393010
	Pressão: 123.671872943313860
	Taxa de Fluxo da Bomba: 9.823363014829130
	RPM: 2662.930149734803300
	Operação da Bomba em horas 1129.878914361968600
	Manutenção Recente: 0

	Número de Comparações na Busca: 6


Busca da Bomba com identificador 00644:
	Nenhum registro de bomba encontrado

	Número de Comparações na Busca: 7


Busca da Bomba com identificador 00610:
	Nenhum registro de bomba encontrado

	Número de Comparações na Busca: 7


Busca da Bomba com identificador 00606:
	Nenhum registro de bomba encontrado

	Número de Comparações na Busca: 7


Busca da Bomba com identificador 00579:
	Nenhum registro de bomba encontrado

	Número de Comparações na Busca: 7


Busca da Bomba com identificador 00594:
	Nenhum registro de bomba encontrado

	Número de Comparações na Busca: 7


Busca da Bomba com identificador 00562:
	Nenhum registro de bomba encontrado

	Número de Comparações na Busca: 7


Busca da Bomba com identificador 00775:
	Nenhum registro de bomba encontrado

	Número de Comparações na Busca: 7


Busca da Bomba com identificador 00674:
	Nenhum registro de bomba encontrado

	Número de Comparações na Busca: 7


Busca da Bomba com identificador 00778:
	Nenhum registro de bomba encontrado

	Número de Comparações na Busca: 7


Busca da Bomba com identificador 00767:
	Nenhum registro de bomba encontrado

	Número de Comparações na Busca: 7


Busca da Bomba com identificador 00773:
	Nenhum registro de bomba encontrado

	Número de Comparações na Busca: 7


Busca da Bomba com identificador 00751:
	Nenhum registro de bomba encontrado

	Número de Comparações na Busca: 7


Busca da Bomba com identificador 00780:
	Nenhum registro de bomba encontrado

	Número de Comparações na Busca: 7


Busca da Bomba com identificador 00703:
	Nenhum registro de bomba encontrado

	Número de Comparações na Busca: 7


Busca da Bomba com identificador 00682:
	Nenhum registro de bomba encontrado

	Número de Comparações na Busca: 7


MEAN - Bomba com Identificador 00352:
	Temperatura: 111.301463857606550
	Vibração: 3.381557788359442
	Pressão: 221.040541416599690

MEAN - Bomba com Identificador 00504:
	Temperatura: 66.572282839940783
	Vibração: 3.823139270331062
	Pressão: 216.848176549578510

MEAN - Bomba com Identificador 00056:
	Temperatura: 92.064992097703765
	Vibração: 1.350855766886240
	Pressão: 138.935950534168030

MEAN - Bomba com Identificador 00356:
	Temperatura: 132.742114605834530
	Vibração: 4.330616409400372
	Pressão: 141.863804896659500

MEAN - Bomba com Identificador 00504:
	Temperatura: 66.572282839940783
	Vibração: 3.823139270331062
	Pressão: 216.848176549578510

MEAN - Bomba com Identificador 00355:
	Temperatura: 104.370161664523780
	Vibração: 2.482470330799044
	Pressão: 252.698291544680670

MEAN - Bomba com Identificador 00206:
	Temperatura: 80.357921218272395
	Vibração: 2.603750029383080
	Pressão: 220.277527871030600

MEAN - Bomba com Identificador 00509:
	Temperatura: 120.170097464558610
	Vibração: 2.472947000264341
	Pressão: 226.084765955415970

MEAN - Bomba com Identificador 00051:
	Temperatura: 101.804936205278340
	Vibração: 3.026339684389995
	Pressão: 150.633827338284870

MAX - Bomba com Identificador 00507:
	Temperatura: 142.640583494020230
	Vibração: 4.388543948939240
	Pressão: 270.014618262807400

MAX - Bomba com Identificador 00051:
	Temperatura: 124.910492462383930
	Vibração: 4.795259457000240
	Pressão: 198.732471450873480

MAX - Bomba com Identificador 00653:
	Temperatura: 113.340591977200320
	Vibração: 4.698775837371750
	Pressão: 122.441432204973370

MAX - Bomba com Identificador 00355:
	Temperatura: 137.186603744860460
	Vibração: 4.300876609532433
	Pressão: 282.068302556102420

MAX - Bomba com Identificador 00508:
	Temperatura: 90.497753751511283
	Vibração: 4.352604654911404
	Pressão: 262.120983661999050

MAX - Bomba com Identificador 00507:
	Temperatura: 142.640583494020230
	Vibração: 4.388543948939240
	Pressão: 270.014618262807400

MAX - Bomba com Identificador 00058:
	Temperatura: 126.749377406004780
	Vibração: 2.369505946989207
	Pressão: 255.118349107704090

MAX - Bomba com Identificador 00505:
	Temperatura: 101.034799850820090
	Vibração: 1.853172722692172
	Pressão: 290.142539226705590

MAX - Bomba com Identificador 00504:
	Temperatura: 78.105466683844156
	Vibração: 4.850013644911384
	Pressão: 297.480680286203660

MIN - Bomba com Identificador 00204:
	Temperatura: 112.734071915068300
	Vibração: 2.920468704372243
	Pressão: 101.878118755339360

MIN - Bomba com Identificador 00356:
	Temperatura: 126.404126346222440
	Vibração: 4.178551288143622
	Pressão: 113.996139024634390

MIN - Bomba com Identificador 00059:
	Temperatura: 92.634380236827894
	Vibração: 0.608159967655558
	Pressão: 115.336086874364360

MIN - Bomba com Identificador 00355:
	Temperatura: 61.556147427980768
	Vibração: 0.344842307486912
	Pressão: 227.006971972922830

MIN - Bomba com Identificador 00353:
	Temperatura: 79.840758469775722
	Vibração: 3.620434357023429
	Pressão: 189.452741262156110

MIN - Bomba com Identificador 00052:
	Temperatura: 100.971016582990340
	Vibração: 0.495491744427648
	Pressão: 102.738966601678940

MIN - Bomba com Identificador 00207:
	Temperatura: 50.060251984748973
	Vibração: 0.330508112685327
	Pressão: 130.812210766212330

MIN - Bomba com Identificador 00358:
	Temperatura: 97.713443207491963
	Vibração: 1.221687971549413
	Pressão: 153.438759895479280

MIN - Bomba com Identificador 00507:
	Temperatura: 72.458313553491564
	Vibração: 0.168315943361079
	Pressão: 124.392716385578580

Remoção da Bomba com identificador 00201:
	-------------------------------------------------
	ID da Classe: 2
	Temperatura: 87.724941011444116
	Vibração: 0.761198655504367
	Pressão: 222.835465129419160
	Taxa de Fluxo da Bomba: 6.835357878594125
	RPM: 1508.660649761686000
	Operação da Bomba em horas 9848.555182737798500
	Manutenção Recente: 0

	Número de Comparações para Remoção: 7


Remoção da Bomba com identificador 00060:
	-------------------------------------------------
	ID da Classe: 1
	Temperatura: 137.146040437798260
	Vibração: 3.281968682942773
	Pressão: 165.832302553270840
	Taxa de Fluxo da Bomba: 3.061851195634826
	RPM: 1952.659224225027900
	Operação da Bomba em horas 6292.862696363744400
	Manutenção Recente: 1
	-------------------------------------------------
	ID da Classe: 1
	Temperatura: 84.414635053261406
	Vibração: 3.444815967823184
	Pressão: 152.356025045604550
	Taxa de Fluxo da Bomba: 13.338693637497057
	RPM: 1609.049379928268100
	Operação da Bomba em horas 3492.765808777694900
	Manutenção Recente: 0

	Número de Comparações para Remoção: 7


Remoção da Bomba com identificador 00206:
	-------------------------------------------------
	ID da Classe: 2
	Temperatura: 58.227801323980401
	Vibração: 1.295436554880532
	Pressão: 249.246031958097690
	Taxa de Fluxo da Bomba: 14.665325547769649
	RPM: 2931.693998855596900
	Operação da Bomba em horas 303.149296385020650
	Manutenção Recente: 0
	-------------------------------------------------
	ID da Classe: 2
	Temperatura: 68.769274231678423
	Vibração: 1.207199319439426
	Pressão: 174.585643744982690
	Taxa de Fluxo da Bomba: 13.083821932917603
	RPM: 2210.628215212783300
	Operação da Bomba em horas 9863.259690523555000
	Manutenção Recente: 0
	-------------------------------------------------
	ID da Classe: 2
	Temperatura: 56.320217786240988
	Vibração: 4.131229758984020
	Pressão: 240.580204364923790
	Taxa de Fluxo da Bomba: 19.779689329670681
	RPM: 1560.030817765982600
	Operação da Bomba em horas 6152.743124918130000
	Manutenção Recente: 0
	-------------------------------------------------
	ID da Classe: 2
	Temperatura: 138.114391531189770
	Vibração: 3.781134484228340
	Pressão: 216.698231416118180
	Taxa de Fluxo da Bomba: 4.846107212638123
	RPM: 2556.566241617033500
	Operação da Bomba em horas 155.343470515573070
	Manutenção Recente: 1

	Número de Comparações para Remoção: 7


Remoção da Bomba com identificador 00207:
	-------------------------------------------------
	ID da Classe: 2
	Temperatura: 143.578510932330690
	Vibração: 0.330508112685327
	Pressão: 234.374538380423250
	Taxa de Fluxo da Bomba: 0.747837493371560
	RPM: 2658.966158187872200
	Operação da Bomba em horas 7854.173775446770400
	Manutenção Recente: 1
	-------------------------------------------------
	ID da Classe: 2
	Temperatura: 58.575205529354605
	Vibração: 3.826195632328934
	Pressão: 177.449741025324560
	Taxa de Fluxo da Bomba: 3.791869278675167
	RPM: 2436.304939600573600
	Operação da Bomba em horas 1975.543056979321600
	Manutenção Recente: 1
	-------------------------------------------------
	ID da Classe: 2
	Temperatura: 50.060251984748973
	Vibração: 3.861992904318386
	Pressão: 130.812210766212330
	Taxa de Fluxo da Bomba: 8.383978406254386
	RPM: 2481.641516017028600
	Operação da Bomba em horas 530.534274609415430
	Manutenção Recente: 1
	-------------------------------------------------
	ID da Classe: 2
	Temperatura: 77.313138952844398
	Vibração: 2.288271629835550
	Pressão: 273.920754219997660
	Taxa de Fluxo da Bomba: 14.915376776829479
	RPM: 2599.423233889235200
	Operação da Bomba em horas 4555.179883563148000
	Manutenção Recente: 0
	-------------------------------------------------
	ID da Classe: 2
	Temperatura: 117.666145544548610
	Vibração: 2.490628470541331
	Pressão: 172.347611965534070
	Taxa de Fluxo da Bomba: 10.984210301910487
	RPM: 2272.147292547367700
	Operação da Bomba em horas 6859.729389026257200
	Manutenção Recente: 1
	-------------------------------------------------
	ID da Classe: 2
	Temperatura: 81.690776156384288
	Vibração: 1.184696716992937
	Pressão: 191.248850289952710
	Taxa de Fluxo da Bomba: 6.257983384747067
	RPM: 2542.526348804005900
	Operação da Bomba em horas 6102.143516020838400
	Manutenção Recente: 1

	Número de Comparações para Remoção: 7


Remoção da Bomba com identificador 00352:
	-------------------------------------------------
	ID da Classe: 3
	Temperatura: 117.597342849789230
	Vibração: 3.503617280259850
	Pressão: 149.908929854311220
	Taxa de Fluxo da Bomba: 9.866251616067151
	RPM: 1324.097393100572200
	Operação da Bomba em horas 2531.058387290684500
	Manutenção Recente: 1
	-------------------------------------------------
	ID da Classe: 3
	Temperatura: 114.712495245971370
	Vibração: 2.469524978019998
	Pressão: 299.460247313439030
	Taxa de Fluxo da Bomba: 11.731167163403944
	RPM: 1911.740968896135700
	Operação da Bomba em horas 3437.994481369471000
	Manutenção Recente: 0
	-------------------------------------------------
	ID da Classe: 3
	Temperatura: 111.029887817748570
	Vibração: 3.403298044332250
	Pressão: 139.748494811627010
	Taxa de Fluxo da Bomba: 1.261991778679524
	RPM: 1972.085572644430800
	Operação da Bomba em horas 3793.988724323845000
	Manutenção Recente: 1
	-------------------------------------------------
	ID da Classe: 3
	Temperatura: 101.866129516917060
	Vibração: 4.149790850825671
	Pressão: 295.044493687021430
	Taxa de Fluxo da Bomba: 0.629369727381644
	RPM: 1638.459801334212700
	Operação da Bomba em horas 4720.002938856959200
	Manutenção Recente: 0

	Número de Comparações para Remoção: 7


Remoção da Bomba com identificador 00208:
	-------------------------------------------------
	ID da Classe: 2
	Temperatura: 137.790137444767420
	Vibração: 4.060175863098363
	Pressão: 231.817479541865680
	Taxa de Fluxo da Bomba: 19.853818035413777
	RPM: 1780.065859132771900
	Operação da Bomba em horas 6428.772262862493300
	Manutenção Recente: 0
	-------------------------------------------------
	ID da Classe: 2
	Temperatura: 86.374409384787796
	Vibração: 3.405381607691041
	Pressão: 284.176617655215520
	Taxa de Fluxo da Bomba: 2.190297546160148
	RPM: 2404.208189483559200
	Operação da Bomba em horas 4198.769044161837900
	Manutenção Recente: 0

	Número de Comparações para Remoção: 7


Remoção da Bomba com identificador 00360:
	-------------------------------------------------
	ID da Classe: 3
	Temperatura: 127.394251531061830
	Vibração: 3.269528084413234
	Pressão: 264.592115849619520
	Taxa de Fluxo da Bomba: 15.900052194497770
	RPM: 2665.388656773633600
	Operação da Bomba em horas 3085.340179928357400
	Manutenção Recente: 0

	Número de Comparações para Remoção: 7


Remoção da Bomba com identificador 00507:
	-------------------------------------------------
	ID da Classe: 4
	Temperatura: 135.222632333213540
	Vibração: 4.388543948939240
	Pressão: 221.127873808670270
	Taxa de Fluxo da Bomba: 1.510892425517073
	RPM: 1367.853373497263000
	Operação da Bomba em horas 7776.965447412773800
	Manutenção Recente: 0
	-------------------------------------------------
	ID da Classe: 4
	Temperatura: 122.783593034893220
	Vibração: 0.168315943361079
	Pressão: 179.326089017601160
	Taxa de Fluxo da Bomba: 7.553022585275670
	RPM: 2103.572978230962200
	Operação da Bomba em horas 645.472528492609290
	Manutenção Recente: 0
	-------------------------------------------------
	ID da Classe: 4
	Temperatura: 142.640583494020230
	Vibração: 1.231006645603938
	Pressão: 130.800122499300470
	Taxa de Fluxo da Bomba: 15.089778426772789
	RPM: 2744.308410419716000
	Operação da Bomba em horas 2507.992543341118100
	Manutenção Recente: 0
	-------------------------------------------------
	ID da Classe: 4
	Temperatura: 88.642312572300028
	Vibração: 3.646142229083698
	Pressão: 190.886670206345090
	Taxa de Fluxo da Bomba: 12.404544077691382
	RPM: 2503.801942025366800
	Operação da Bomba em horas 8586.280211081148100
	Manutenção Recente: 1
	-------------------------------------------------
	ID da Classe: 4
	Temperatura: 118.956552976963610
	Vibração: 1.597815504306096
	Pressão: 124.392716385578580
	Taxa de Fluxo da Bomba: 1.829821538837816
	RPM: 1627.353511268241600
	Operação da Bomba em horas 5659.014267702889800
	Manutenção Recente: 1
	-------------------------------------------------
	ID da Classe: 4
	Temperatura: 72.458313553491564
	Vibração: 2.556709958834817
	Pressão: 270.014618262807400
	Taxa de Fluxo da Bomba: 17.782883298462092
	RPM: 2588.900974849416300
	Operação da Bomba em horas 3397.161889661487300
	Manutenção Recente: 0

	Número de Comparações para Remoção: 7


Remoção da Bomba com identificador 00207:
	-------------------------------------------------
	ID da Classe: 2
	Temperatura: 143.578510932330690
	Vibração: 0.330508112685327
	Pressão: 234.374538380423250
	Taxa de Fluxo da Bomba: 0.747837493371560
	RPM: 2658.966158187872200
	Operação da Bomba em horas 7854.173775446770400
	Manutenção Recente: 1
	-------------------------------------------------
	ID da Classe: 2
	Temperatura: 58.575205529354605
	Vibração: 3.826195632328934
	Pressão: 177.449741025324560
	Taxa de Fluxo da Bomba: 3.791869278675167
	RPM: 2436.304939600573600
	Operação da Bomba em horas 1975.543056979321600
	Manutenção Recente: 1
	-------------------------------------------------
	ID da Classe: 2
	Temperatura: 50.060251984748973
	Vibração: 3.861992904318386
	Pressão: 130.812210766212330
	Taxa de Fluxo da Bomba: 8.383978406254386
	RPM: 2481.641516017028600
	Operação da Bomba em horas 530.534274609415430
	Manutenção Recente: 1
	-------------------------------------------------
	ID da Classe: 2
	Temperatura: 77.313138952844398
	Vibração: 2.288271629835550
	Pressão: 273.920754219997660
	Taxa de Fluxo da Bomba: 14.915376776829479
	RPM: 2599.423233889235200
	Operação da Bomba em horas 4555.179883563148000
	Manutenção Recente: 0
	-------------------------------------------------
	ID da Classe: 2
	Temperatura: 117.666145544548610
	Vibração: 2.490628470541331
	Pressão: 172.347611965534070
	Taxa de Fluxo da Bomba: 10.984210301910487
	RPM: 2272.147292547367700
	Operação da Bomba em horas 6859.729389026257200
	Manutenção Recente: 1
	-------------------------------------------------
	ID da Classe: 2
	Temperatura: 81.690776156384288
	Vibração: 1.184696716992937
	Pressão: 191.248850289952710
	Taxa de Fluxo da Bomba: 6.257983384747067
	RPM: 2542.526348804005900
	Operação da Bomba em horas 6102.143516020838400
	Manutenção Recente: 1

	Número de Comparações para Remoção: 7


Remoção da Bomba com identificador 00129:
	Nenhum registro de bomba encontrado

	Número de Comparações para Remoção: 6


Remoção da Bomba com identificador 00092:
	Nenhum registro de bomba encontrado

	Número de Comparações para Remoção: 6


Remoção da Bomba com identificador 00096:
	Nenhum registro de bomba encontrado

	Número de Comparações para Remoção: 6


Remoção da Bomba com identificador 00121:
	Nenhum registro de bomba encontrado

	Número de Comparações para Remoção: 6


Remoção da Bomba com identificador 00142:
	Nenhum registro de bomba encontrado

	Número de Comparações para Remoção: 6


Remoção da Bomba com identificador 00154:
	Nenhum registro de bomba encontrado

	Número de Comparações para Remoção: 6


Remoção da Bomba com identificador 00134:
	Nenhum registro de bomba encontrado

	Número de Comparações para Remoção: 6


Remoção da Bomba com identificador 00107:
	Nenhum registro de bomba encontrado

	Número de Comparações para Remoção: 6


Remoção da Bomba com identificador 00140:
	Nenhum registro de bomba encontrado

	Número de Comparações para Remoção: 6


Remoção da Bomba com identificador 00254:
	Nenhum registro de bomba encontrado

	Número de Comparações para Remoção: 6


Remoção da Bomba com identificador 00292:
	Nenhum registro de bomba encontrado

	Número de Comparações para Remoção: 6


Remoção da Bomba com identificador 00270:
	Nenhum registro de bomba encontrado

	Número de Comparações para Remoção: 6


Remoção da Bomba com identificador 00294:
	Nenhum registro de bomba encontrado

	Número de Comparações para Remoção: 6


Remoção da Bomba com identificador 00317:
	Nenhum registro de bomba encontrado

	Número de Comparações para Remoção: 6


Remoção da Bomba com identificador 00247:
	Nenhum registro de bomba encontrado

	Número de Comparações para Remoção: 6


Remoção da Bomba com identificador 00246:
	Nenhum registro de bomba encontrado

	Número de Comparações para Remoção: 6


Remoção da Bomba com identificador 00278:
	Nenhum registro de bomba encontrado

	Número de Comparações para Remoção: 6


Remoção da Bomba com identificador 00314:
	Nenhum registro de bomba encontrado

	Número de Comparações para Remoção: 6


Remoção da Bomba com identificador 00408:
	Nenhum registro de bomba encontrado

	Número de Comparações para Remoção: 6


Remoção da Bomba com identificador 00486:
	Nenhum registro de bomba encontrado

	Número de Comparações para Remoção: 6


Remoção da Bomba com identificador 00393:
	Nenhum registro de bomba encontrado

	Número de Comparações para Remoção: 6


Remoção da Bomba com identificador 00363:
	Nenhum registro de bomba encontrado

	Número de Comparações para Remoção: 6


Remoção da Bomba com identificador 00377:
	Nenhum registro de bomba encontrado

	Número de Comparações para Remoção: 6


Remoção da Bomba com identificador 00395:
	Nenhum registro de bomba encontrado

	Número de Comparações para Remoção: 6


Remoção da Bomba com identificador 00472:
	Nenhum registro de bomba encontrado

	Número de Comparações para Remoção: 6


Remoção da Bomba com identificador 00468:
	Nenhum registro de bomba encontrado

	Número de Comparações para Remoção: 6


Remoção da Bomba com identificador 00462:
	Nenhum registro de bomba encontrado

	Número de Comparações para Remoção: 6


Remoção da Bomba com identificador 00551:
	Nenhum registro de bomba encontrado

	Número de Comparações para Remoção: 7


Remoção da Bomba com identificador 00629:
	Nenhum registro de bomba encontrado

	Número de Comparações para Remoção: 7


Remoção da Bomba com identificador 00567:
	Nenhum registro de bomba encontrado

	Número de Comparações para Remoção: 7


Remoção da Bomba com identificador 00569:
	Nenhum registro de bomba encontrado

	Número de Comparações para Remoção: 7


Remoção da Bomba com identificador 00621:
	Nenhum registro de bomba encontrado

	Número de Comparações para Remoção: 7


Remoção da Bomba com identificador 00554:
	Nenhum registro de bomba encontrado

	Número de Comparações para Remoção: 7


Remoção da Bomba com identificador 00618:
	Nenhum registro de bomba encontrado

	Número de Comparações para Remoção: 7


Remoção da Bomba com identificador 00541:
	Nenhum registro de bomba encontrado

	Número de Comparações para Remoção: 7


Remoção da Bomba com identificador 00608:
	Nenhum registro de bomba encontrado

	Número de Comparações para Remoção: 7


Remoção da Bomba com identificador 00784:
	Nenhum registro de bomba encontrado

	Número de Comparações para Remoção: 7


Remoção da Bomba com identificador 00757:
	Nenhum registro de bomba encontrado

	Número de Comparações para Remoção: 7


Remoção da Bomba com identificador 00712:
	Nenhum registro de bomba encontrado

	Número de Comparações para Remoção: 7


Remoção da Bomba com identificador 00763:
	Nenhum registro de bomba encontrado

	Número de Comparações para Remoção: 7


Remoção da Bomba com identificador 00764:
	Nenhum registro de bomba encontrado

	Número de Comparações para Remoção: 7


Remoção da Bomba com identificador 00763:
	Nenhum registro de bomba encontrado

	Número de Comparações para Remoção: 7


Remoção da Bomba com identificador 00779:
	Nenhum registro de bomba encontrado

	Número de Comparações para Remoção: 7


Remoção da Bomba com identificador 00727:
	Nenhum registro de bomba encontrado

	Número de Comparações para Remoção: 7


Remoção da Bomba com identificador 00792:
	Nenhum registro de bomba encontrado

	Número de Comparações para Remoção: 7



Estatísticas de Comparação:
-----------------------------------------------------------
	Inserções: 442
	Buscas: 322
	Remoções: 351

